<?xml version="1.0" encoding="UTF-8"?>
<!-- Generated by org.testng.reporters.JUnitReportReporter -->
<testsuite hostname="DESKTOP-5EVK54D" failures="0" tests="2" name="runner.LoginRunner" time="0.522" errors="0" timestamp="2023-04-12T07:55:35 IST" skipped="0">
  <testcase classname="runner.LoginRunner" name="runScenario" time="0.058"/>
  <system-out/>
  <testcase classname="runner.LoginRunner" name="runScenario" time="0.464"/>
  <system-out/>
</testsuite> <!-- runner.LoginRunner -->
