<?xml version="1.0" encoding="UTF-8"?>
<!-- Generated by org.testng.reporters.JUnitReportReporter -->
<testsuite hostname="DESKTOP-5EVK54D" failures="0" tests="1" name="runner.RegistrationRunner" time="0.434" errors="0" timestamp="2023-04-14T21:08:19 IST" skipped="0">
  <testcase classname="runner.RegistrationRunner" name="runScenario" time="0.434"/>
  <system-out/>
</testsuite> <!-- runner.RegistrationRunner -->
