<?xml version="1.0" encoding="UTF-8"?>
<!-- Generated by org.testng.reporters.JUnitReportReporter -->
<testsuite hostname="DESKTOP-5EVK54D" failures="0" tests="1" name="runner.ProfilePicRunner" time="0.544" errors="0" timestamp="2023-04-17T07:22:36 IST" skipped="0">
  <testcase classname="runner.ProfilePicRunner" name="runScenario" time="0.544"/>
  <system-out/>
</testsuite> <!-- runner.ProfilePicRunner -->
