<?xml version="1.0" encoding="UTF-8"?>
<!-- Generated by org.testng.reporters.JUnitReportReporter -->
<testsuite hostname="DESKTOP-5EVK54D" failures="0" tests="1" name="runner.LoginDataRunner" time="0.523" errors="0" timestamp="2023-04-13T07:47:31 IST" skipped="0">
  <testcase classname="runner.LoginDataRunner" name="runScenario" time="0.523"/>
  <system-out/>
</testsuite> <!-- runner.LoginDataRunner -->
