<?xml version="1.0" encoding="UTF-8"?>
<!-- Generated by org.testng.reporters.JUnitReportReporter -->
<testsuite hostname="DESKTOP-5EVK54D" failures="0" tests="2" name="runner.OrderRunner" time="0.545" errors="0" timestamp="2023-04-13T07:26:26 IST" skipped="0">
  <testcase classname="runner.OrderRunner" name="runScenario" time="0.470"/>
  <system-out/>
  <testcase classname="runner.OrderRunner" name="runScenario" time="0.075"/>
  <system-out/>
</testsuite> <!-- runner.OrderRunner -->
