<?xml version="1.0" encoding="UTF-8"?>
<!-- Generated by org.testng.reporters.JUnitReportReporter -->
<testsuite hostname="DESKTOP-5EVK54D" failures="0" tests="3" name="runner.ProfileRunner" time="0.811" errors="0" timestamp="2023-04-16T07:23:31 IST" skipped="0">
  <testcase classname="runner.ProfileRunner" name="runScenario" time="0.108"/>
  <system-out/>
  <testcase classname="runner.ProfileRunner" name="runScenario" time="0.586"/>
  <system-out/>
  <testcase classname="runner.ProfileRunner" name="runScenario" time="0.117"/>
  <system-out/>
</testsuite> <!-- runner.ProfileRunner -->
