<?xml version="1.0" encoding="UTF-8"?>
<!-- Generated by org.testng.reporters.JUnitReportReporter -->
<testsuite hostname="DESKTOP-5EVK54D" failures="0" tests="3" name="execution.AmazonTest" time="58.891" errors="0" timestamp="2023-04-18T08:13:50 IST" skipped="0">
  <testcase classname="execution.AmazonTest" name="runScenario" time="17.711"/>
  <system-out/>
  <testcase classname="execution.AmazonTest" name="runScenario" time="21.966"/>
  <system-out/>
  <testcase classname="execution.AmazonTest" name="runScenario" time="19.214"/>
  <system-out/>
</testsuite> <!-- execution.AmazonTest -->
