<?xml version="1.0" encoding="UTF-8"?>
<!-- Generated by org.testng.reporters.JUnitReportReporter -->
<testsuite hostname="DESKTOP-5EVK54D" failures="0" tests="3" name="runner.ProfileRunner" time="0.988" errors="0" timestamp="2023-04-15T07:43:53 IST" skipped="0">
  <testcase classname="runner.ProfileRunner" name="runScenario" time="0.111"/>
  <system-out/>
  <testcase classname="runner.ProfileRunner" name="runScenario" time="0.715"/>
  <system-out/>
  <testcase classname="runner.ProfileRunner" name="runScenario" time="0.162"/>
  <system-out/>
</testsuite> <!-- runner.ProfileRunner -->
