<?xml version="1.0" encoding="UTF-8"?>
<!-- Generated by org.testng.reporters.JUnitReportReporter -->
<testsuite hostname="DESKTOP-5EVK54D" failures="0" tests="2" name="runner.ProfilePicRunner" time="0.640" errors="0" timestamp="2023-04-16T08:03:00 IST" skipped="0">
  <testcase classname="runner.ProfilePicRunner" name="runScenario" time="0.147"/>
  <system-out/>
  <testcase classname="runner.ProfilePicRunner" name="runScenario" time="0.493"/>
  <system-out/>
</testsuite> <!-- runner.ProfilePicRunner -->
