<?xml version="1.0" encoding="UTF-8"?>
<!-- Generated by org.testng.reporters.JUnitReportReporter -->
<testsuite hostname="DESKTOP-5EVK54D" failures="0" tests="1" name="runner.OrderRunner" time="0.665" errors="0" timestamp="2023-04-16T05:48:23 IST" skipped="0">
  <testcase classname="runner.OrderRunner" name="runScenario" time="0.665"/>
  <system-out/>
</testsuite> <!-- runner.OrderRunner -->
